<?xml version="1.0" encoding="UTF-8"?>
<!-- Generated by org.testng.reporters.JUnitXMLReporter -->
<testsuite hostname="mkrishnan" ignored="2" name="AddDevicePageTest" tests="1" failures="0" timestamp="18 Dec 2018 04:55:52 GMT" time="21.219" errors="0">
  <testcase name="validateAddDevice" time="1.201" classname="com.avlview.app.testcases.AddDevicePageTest"/>
  <testcase name="SearchAddedIMEITest" time="0.0" classname="com.avlview.app.testcases.AddDevicePageTest">
    <ignored/>
  </testcase> <!-- SearchAddedIMEITest -->
  <testcase name="AddDeviceTest" time="0.0" classname="com.avlview.app.testcases.AddDevicePageTest">
    <ignored/>
  </testcase> <!-- AddDeviceTest -->
</testsuite> <!-- AddDevicePageTest -->
