<?xml version="1.0" encoding="UTF-8"?>
<!-- Generated by org.testng.reporters.JUnitXMLReporter -->
<testsuite hostname="mkrishnan" ignored="0" name="AddProductPageTest" tests="8" failures="0" timestamp="21 Dec 2018 07:56:27 GMT" time="42.483" errors="0">
  <testcase name="@BeforeMethod setup" time="42.083" classname="com.avlview.app.testcases.AddProductPageTest">
    <failure type="java.lang.AssertionError" message="Login failed">
      <![CDATA[java.lang.AssertionError: Login failed
at com.avlview.app.testcases.AddProductPageTest.setup(AddProductPageTest.java:42)
... Removed 29 stack frames]]>
    </failure>
  </testcase> <!-- @BeforeMethod setup -->
  <testcase name="@AfterMethod teardown" time="0.0" classname="com.avlview.app.testcases.AddProductPageTest">
    <skipped/>
  </testcase> <!-- @AfterMethod teardown -->
  <testcase name="@BeforeMethod setup" time="0.0" classname="com.avlview.app.testcases.AddProductPageTest">
    <skipped/>
  </testcase> <!-- @BeforeMethod setup -->
  <testcase name="@AfterMethod teardown" time="0.0" classname="com.avlview.app.testcases.AddProductPageTest">
    <skipped/>
  </testcase> <!-- @AfterMethod teardown -->
  <testcase name="@BeforeMethod setup" time="0.0" classname="com.avlview.app.testcases.AddProductPageTest">
    <skipped/>
  </testcase> <!-- @BeforeMethod setup -->
  <testcase name="@AfterMethod teardown" time="0.0" classname="com.avlview.app.testcases.AddProductPageTest">
    <skipped/>
  </testcase> <!-- @AfterMethod teardown -->
  <testcase name="@BeforeMethod setup" time="0.0" classname="com.avlview.app.testcases.AddProductPageTest">
    <skipped/>
  </testcase> <!-- @BeforeMethod setup -->
  <testcase name="@AfterMethod teardown" time="0.0" classname="com.avlview.app.testcases.AddProductPageTest">
    <skipped/>
  </testcase> <!-- @AfterMethod teardown -->
  <testcase name="@BeforeMethod setup" time="0.0" classname="com.avlview.app.testcases.AddProductPageTest">
    <skipped/>
  </testcase> <!-- @BeforeMethod setup -->
  <testcase name="@AfterMethod teardown" time="0.0" classname="com.avlview.app.testcases.AddProductPageTest">
    <skipped/>
  </testcase> <!-- @AfterMethod teardown -->
  <testcase name="@BeforeMethod setup" time="0.0" classname="com.avlview.app.testcases.AddProductPageTest">
    <skipped/>
  </testcase> <!-- @BeforeMethod setup -->
  <testcase name="@AfterMethod teardown" time="0.0" classname="com.avlview.app.testcases.AddProductPageTest">
    <skipped/>
  </testcase> <!-- @AfterMethod teardown -->
  <testcase name="@BeforeMethod setup" time="0.0" classname="com.avlview.app.testcases.AddProductPageTest">
    <skipped/>
  </testcase> <!-- @BeforeMethod setup -->
  <testcase name="@AfterMethod teardown" time="0.0" classname="com.avlview.app.testcases.AddProductPageTest">
    <skipped/>
  </testcase> <!-- @AfterMethod teardown -->
  <testcase name="@BeforeMethod setup" time="0.0" classname="com.avlview.app.testcases.AddProductPageTest">
    <skipped/>
  </testcase> <!-- @BeforeMethod setup -->
  <testcase name="@AfterMethod teardown" time="0.0" classname="com.avlview.app.testcases.AddProductPageTest">
    <skipped/>
  </testcase> <!-- @AfterMethod teardown -->
  <testcase name="@AfterTest endReport" time="0.0" classname="com.avlview.app.base.TestBase">
    <skipped/>
  </testcase> <!-- @AfterTest endReport -->
  <testcase name="validateAddProduct" time="0.0" classname="com.avlview.app.testcases.AddProductPageTest">
    <skipped/>
  </testcase> <!-- validateAddProduct -->
  <testcase name="AddProductTest" time="0.0" classname="com.avlview.app.testcases.AddProductPageTest">
    <skipped/>
  </testcase> <!-- AddProductTest -->
  <testcase name="AddProductTest" time="0.0" classname="com.avlview.app.testcases.AddProductPageTest">
    <skipped/>
  </testcase> <!-- AddProductTest -->
  <testcase name="AddProductTest" time="0.0" classname="com.avlview.app.testcases.AddProductPageTest">
    <skipped/>
  </testcase> <!-- AddProductTest -->
  <testcase name="AddProductTest" time="0.0" classname="com.avlview.app.testcases.AddProductPageTest">
    <skipped/>
  </testcase> <!-- AddProductTest -->
  <testcase name="AddProductTest" time="0.0" classname="com.avlview.app.testcases.AddProductPageTest">
    <skipped/>
  </testcase> <!-- AddProductTest -->
  <testcase name="AddProductTest" time="0.0" classname="com.avlview.app.testcases.AddProductPageTest">
    <skipped/>
  </testcase> <!-- AddProductTest -->
  <testcase name="SearchAddedProductTest" time="0.0" classname="com.avlview.app.testcases.AddProductPageTest">
    <skipped/>
  </testcase> <!-- SearchAddedProductTest -->
</testsuite> <!-- AddProductPageTest -->
