<?xml version="1.0" encoding="UTF-8"?>
<!-- Generated by org.testng.reporters.JUnitXMLReporter -->
<testsuite hostname="mkrishnan" ignored="0" name="DeviceListPageTest" tests="6" failures="0" timestamp="18 Dec 2018 04:55:31 GMT" time="129.38" errors="0">
  <testcase name="validateDevicepageExistTest" time="0.468" classname="com.avlview.app.testcases.DeviceListPageTest"/>
  <testcase name="validateAddDeviceExistTest" time="0.435" classname="com.avlview.app.testcases.DeviceListPageTest"/>
  <testcase name="validateAddDeviceTemplateExistTest" time="2.081" classname="com.avlview.app.testcases.DeviceListPageTest">
    <skipped/>
  </testcase> <!-- validateAddDeviceTemplateExistTest -->
  <testcase name="validateBackButtonTest" time="1.14" classname="com.avlview.app.testcases.DeviceListPageTest"/>
  <testcase name="validateAddDevice" time="0.897" classname="com.avlview.app.testcases.DeviceListPageTest"/>
  <testcase name="validateSearchExistTest" time="0.417" classname="com.avlview.app.testcases.DeviceListPageTest"/>
</testsuite> <!-- DeviceListPageTest -->
