<?xml version="1.0" encoding="UTF-8"?>
<!-- Generated by org.testng.reporters.JUnitXMLReporter -->
<testsuite hostname="mkrishnan" ignored="0" name="ForgotPasswordPageTest" tests="8" failures="0" timestamp="21 Dec 2018 07:43:45 GMT" time="172.297" errors="0">
  <testcase name="validateForgotPasswordPageExistTest" time="25.889" classname="com.avlview.app.testcases.ForgotPasswordPageTest"/>
  <testcase name="validateClientLogoExistTest" time="2.598" classname="com.avlview.app.testcases.ForgotPasswordPageTest"/>
  <testcase name="validateApplogoExistTest" time="1.945" classname="com.avlview.app.testcases.ForgotPasswordPageTest"/>
  <testcase name="validateBacktoLoginExistTest" time="13.087" classname="com.avlview.app.testcases.ForgotPasswordPageTest"/>
  <testcase name="validateBacktoLoginClickTest" time="7.496" classname="com.avlview.app.testcases.ForgotPasswordPageTest"/>
  <testcase name="validateNouserClickTest" time="8.804" classname="com.avlview.app.testcases.ForgotPasswordPageTest"/>
  <testcase name="validateInvaliduserClickTest" time="9.387" classname="com.avlview.app.testcases.ForgotPasswordPageTest"/>
  <testcase name="validateValiduserClickTest" time="11.8" classname="com.avlview.app.testcases.ForgotPasswordPageTest"/>
</testsuite> <!-- ForgotPasswordPageTest -->
