<?xml version="1.0" encoding="UTF-8"?>
<!-- Generated by org.testng.reporters.JUnitXMLReporter -->
<testsuite hostname="mkrishnan" ignored="1" name="ForgotPasswordPageTest" tests="7" failures="0" timestamp="17 Dec 2018 09:58:07 GMT" time="131.392" errors="0">
  <testcase name="validateForgotPasswordPageExistTest" time="8.273" classname="com.avlview.app.testcases.ForgotPasswordPageTest"/>
  <testcase name="validateClientLogoExistTest" time="2.394" classname="com.avlview.app.testcases.ForgotPasswordPageTest"/>
  <testcase name="validateApplogoExistTest" time="1.586" classname="com.avlview.app.testcases.ForgotPasswordPageTest"/>
  <testcase name="validateBacktoLoginExistTest" time="7.562" classname="com.avlview.app.testcases.ForgotPasswordPageTest"/>
  <testcase name="validateBacktoLoginClickTest" time="10.26" classname="com.avlview.app.testcases.ForgotPasswordPageTest"/>
  <testcase name="validateInvaliduserClickTest" time="14.1" classname="com.avlview.app.testcases.ForgotPasswordPageTest"/>
  <testcase name="validateValiduserClickTest" time="8.693" classname="com.avlview.app.testcases.ForgotPasswordPageTest"/>
  <testcase name="validateNouserClickTest" time="0.0" classname="com.avlview.app.testcases.ForgotPasswordPageTest">
    <ignored/>
  </testcase> <!-- validateNouserClickTest -->
</testsuite> <!-- ForgotPasswordPageTest -->
