<?xml version="1.0" encoding="UTF-8"?>
<!-- Generated by org.testng.reporters.JUnitXMLReporter -->
<testsuite hostname="mkrishnan" ignored="0" name="Login Page Test" tests="8" failures="0" timestamp="17 Dec 2018 09:55:55 GMT" time="109.961" errors="0">
  <testcase name="validateLoginPageExistTest" time="0.577" classname="com.avlview.app.testcases.LoginPageTest"/>
  <testcase name="validateClientLogoExistTest" time="1.959" classname="com.avlview.app.testcases.LoginPageTest"/>
  <testcase name="validateApplogoExistTest" time="0.569" classname="com.avlview.app.testcases.LoginPageTest"/>
  <testcase name="validateRemembermeExistTest" time="0.951" classname="com.avlview.app.testcases.LoginPageTest"/>
  <testcase name="validateLanguageExistTest" time="0.917" classname="com.avlview.app.testcases.LoginPageTest"/>
  <testcase name="forgotpasswordclick" time="6.453" classname="com.avlview.app.testcases.LoginPageTest"/>
  <testcase name="loginclickWithInvaliduser" time="1.827" classname="com.avlview.app.testcases.LoginPageTest"/>
  <testcase name="loginclick" time="7.861" classname="com.avlview.app.testcases.LoginPageTest"/>
</testsuite> <!-- Login Page Test -->
