<?xml version="1.0" encoding="UTF-8"?>
<!-- Generated by org.testng.reporters.JUnitXMLReporter -->
<testsuite hostname="mkrishnan" ignored="0" name="Login Page Test" tests="8" failures="0" timestamp="21 Dec 2018 07:40:53 GMT" time="135.073" errors="0">
  <testcase name="validateLoginPageExistTest" time="1.269" classname="com.avlview.app.testcases.LoginPageTest"/>
  <testcase name="validateClientLogoExistTest" time="1.91" classname="com.avlview.app.testcases.LoginPageTest"/>
  <testcase name="validateApplogoExistTest" time="1.422" classname="com.avlview.app.testcases.LoginPageTest"/>
  <testcase name="validateRemembermeExistTest" time="1.306" classname="com.avlview.app.testcases.LoginPageTest"/>
  <testcase name="validateLanguageExistTest" time="1.249" classname="com.avlview.app.testcases.LoginPageTest"/>
  <testcase name="forgotpasswordclick" time="8.171" classname="com.avlview.app.testcases.LoginPageTest"/>
  <testcase name="loginclickWithInvaliduser" time="2.088" classname="com.avlview.app.testcases.LoginPageTest"/>
  <testcase name="loginclick" time="8.198" classname="com.avlview.app.testcases.LoginPageTest"/>
</testsuite> <!-- Login Page Test -->
