<?xml version="1.0" encoding="UTF-8"?>
<!-- Generated by org.testng.reporters.JUnitXMLReporter -->
<testsuite hostname="mkrishnan" ignored="1" name="TaxListPageTest" tests="4" failures="0" timestamp="21 Dec 2018 07:47:24 GMT" time="92.485" errors="0">
  <testcase name="validateTaxpageExistTest" time="1.096" classname="com.avlview.app.testcases.TaxListPageTest"/>
  <testcase name="validateAddTaxExistTest" time="1.249" classname="com.avlview.app.testcases.TaxListPageTest"/>
  <testcase name="validateAddTaxTemplateExistTest" time="2.083" classname="com.avlview.app.testcases.TaxListPageTest">
    <skipped/>
  </testcase> <!-- validateAddTaxTemplateExistTest -->
  <testcase name="validateBackButtonTest" time="1.608" classname="com.avlview.app.testcases.TaxListPageTest"/>
  <testcase name="validateEditTest" time="0.0" classname="com.avlview.app.testcases.TaxListPageTest">
    <ignored/>
  </testcase> <!-- validateEditTest -->
</testsuite> <!-- TaxListPageTest -->
