<?xml version="1.0" encoding="UTF-8"?>
<!-- Generated by org.testng.reporters.JUnitXMLReporter -->
<testsuite hostname="mkrishnan" ignored="7" name="Test" tests="7" failures="2" timestamp="26 Nov 2018 09:00:19 GMT" time="214.741" errors="0">
  <testcase name="TemplateTest" time="2.164" classname="com.avlview.app.testcases.AddClientPageTest">
    <skipped/>
  </testcase> <!-- TemplateTest -->
  <testcase name="TemplateTest" time="1.698" classname="com.avlview.app.testcases.AddClientPageTest">
    <skipped/>
  </testcase> <!-- TemplateTest -->
  <testcase name="TemplateTest" time="1.896" classname="com.avlview.app.testcases.AddClientPageTest">
    <failure type="org.openqa.selenium.WebDriverException" message="unknown error: Element &amp;lt;input _ngcontent-c10=&amp;quot;&amp;quot; class=&amp;quot;input_serach_04 mat-input-element mat-form-field-autofill-control ng-untouched ng-pristine ng-valid&amp;quot; matinput=&amp;quot;&amp;quot; placeholder=&amp;quot;Search clients..&amp;quot; style=&amp;quot;width:320px;&amp;quot; id=&amp;quot;mat-input-0&amp;quot; aria-invalid=&amp;quot;false&amp;quot; aria-required=&amp;quot;false&amp;quot;&amp;gt; is not clickable at point (375, 98). Other element would receive the click: &amp;lt;span _ngcontent-c1=&amp;quot;&amp;quot;&amp;gt;...&amp;lt;/span&amp;gt;
  (Session info: chrome=70.0.3538.110)
  (Driver info: chromedriver=2.44.609538 (b655c5a60b0b544917107a59d4153d4bf78e1b90),platform=Windows NT 6.1.7601 SP1 x86) (WARNING: The server did not provide any stacktrace information)
Command duration or timeout: 0 milliseconds
Build info: version: &amp;apos;3.141.5&amp;apos;, revision: &amp;apos;d54ebd709a&amp;apos;, time: &amp;apos;2018-11-06T11:42:16&amp;apos;
System info: host: &amp;apos;MKRISHNAN&amp;apos;, ip: &amp;apos;192.168.0.50&amp;apos;, os.name: &amp;apos;Windows 7&amp;apos;, os.arch: &amp;apos;x86&amp;apos;, os.version: &amp;apos;6.1&amp;apos;, java.version: &amp;apos;1.8.0_191&amp;apos;
Driver info: org.openqa.selenium.chrome.ChromeDriver
Capabilities {acceptInsecureCerts: false, acceptSslCerts: false, applicationCacheEnabled: false, browserConnectionEnabled: false, browserName: chrome, chrome: {chromedriverVersion: 2.44.609538 (b655c5a60b0b54..., userDataDir: C:\Users\MKRISH~1\AppData\L...}, cssSelectorsEnabled: true, databaseEnabled: false, goog:chromeOptions: {debuggerAddress: localhost:62887}, handlesAlerts: true, hasTouchScreen: false, javascriptEnabled: true, locationContextEnabled: true, mobileEmulationEnabled: false, nativeEvents: true, networkConnectionEnabled: false, pageLoadStrategy: normal, platform: XP, platformName: XP, rotatable: false, setWindowRect: true, takesHeapSnapshot: true, takesScreenshot: true, unexpectedAlertBehaviour: ignore, unhandledPromptBehavior: ignore, version: 70.0.3538.110, webStorageEnabled: true}
Session ID: a0edbbf05fc2db263279e1a0241a58c0">
      <![CDATA[org.openqa.selenium.WebDriverException: unknown error: Element <input _ngcontent-c10="" class="input_serach_04 mat-input-element mat-form-field-autofill-control ng-untouched ng-pristine ng-valid" matinput="" placeholder="Search clients.." style="width:320px;" id="mat-input-0" aria-invalid="false" aria-required="false"> is not clickable at point (375, 98). Other element would receive the click: <span _ngcontent-c1="">...</span>
  (Session info: chrome=70.0.3538.110)
  (Driver info: chromedriver=2.44.609538 (b655c5a60b0b544917107a59d4153d4bf78e1b90),platform=Windows NT 6.1.7601 SP1 x86) (WARNING: The server did not provide any stacktrace information)
Command duration or timeout: 0 milliseconds
Build info: version: '3.141.5', revision: 'd54ebd709a', time: '2018-11-06T11:42:16'
System info: host: 'MKRISHNAN', ip: '192.168.0.50', os.name: 'Windows 7', os.arch: 'x86', os.version: '6.1', java.version: '1.8.0_191'
Driver info: org.openqa.selenium.chrome.ChromeDriver
Capabilities {acceptInsecureCerts: false, acceptSslCerts: false, applicationCacheEnabled: false, browserConnectionEnabled: false, browserName: chrome, chrome: {chromedriverVersion: 2.44.609538 (b655c5a60b0b54..., userDataDir: C:\Users\MKRISH~1\AppData\L...}, cssSelectorsEnabled: true, databaseEnabled: false, goog:chromeOptions: {debuggerAddress: localhost:62887}, handlesAlerts: true, hasTouchScreen: false, javascriptEnabled: true, locationContextEnabled: true, mobileEmulationEnabled: false, nativeEvents: true, networkConnectionEnabled: false, pageLoadStrategy: normal, platform: XP, platformName: XP, rotatable: false, setWindowRect: true, takesHeapSnapshot: true, takesScreenshot: true, unexpectedAlertBehaviour: ignore, unhandledPromptBehavior: ignore, version: 70.0.3538.110, webStorageEnabled: true}
Session ID: a0edbbf05fc2db263279e1a0241a58c0
at org.openqa.selenium.remote.ErrorHandler.createThrowable(ErrorHandler.java:214)
at org.openqa.selenium.remote.ErrorHandler.throwIfResponseFailed(ErrorHandler.java:166)
at org.openqa.selenium.remote.http.JsonHttpResponseCodec.reconstructValue(JsonHttpResponseCodec.java:40)
at org.openqa.selenium.remote.http.AbstractHttpResponseCodec.decode(AbstractHttpResponseCodec.java:80)
at org.openqa.selenium.remote.http.AbstractHttpResponseCodec.decode(AbstractHttpResponseCodec.java:44)
at org.openqa.selenium.remote.HttpCommandExecutor.execute(HttpCommandExecutor.java:158)
at org.openqa.selenium.remote.service.DriverCommandExecutor.execute(DriverCommandExecutor.java:83)
at org.openqa.selenium.remote.RemoteWebDriver.execute(RemoteWebDriver.java:552)
at org.openqa.selenium.remote.RemoteWebElement.execute(RemoteWebElement.java:285)
at org.openqa.selenium.remote.RemoteWebElement.click(RemoteWebElement.java:84)
at org.openqa.selenium.support.events.EventFiringWebDriver$EventFiringWebElement.lambda$new$0(EventFiringWebDriver.java:404)
at com.sun.proxy.$Proxy15.click(Unknown Source)
at org.openqa.selenium.support.events.EventFiringWebDriver$EventFiringWebElement.click(EventFiringWebDriver.java:417)
at org.openqa.selenium.support.pagefactory.internal.LocatingElementHandler.invoke(LocatingElementHandler.java:51)
at com.sun.proxy.$Proxy14.click(Unknown Source)
at com.avlview.app.pages.AddClientPage.search(AddClientPage.java:237)
at com.avlview.app.pages.AddClientPage.validatesClientsearchresult(AddClientPage.java:329)
at com.avlview.app.testcases.AddClientPageTest.TemplateTest(AddClientPageTest.java:48)
... Removed 37 stack frames]]>
    </failure>
  </testcase> <!-- TemplateTest -->
  <testcase name="ClickAddClientTest" time="0.57" classname="com.avlview.app.testcases.AddClientPageTest"/>
  <testcase name="deactivateSearchTest" time="2.315" classname="com.avlview.app.testcases.AddClientPageTest">
    <skipped/>
  </testcase> <!-- deactivateSearchTest -->
  <testcase name="deactivateSearchTest" time="2.368" classname="com.avlview.app.testcases.AddClientPageTest">
    <skipped/>
  </testcase> <!-- deactivateSearchTest -->
  <testcase name="deactivateSearchTest" time="32.178" classname="com.avlview.app.testcases.AddClientPageTest">
    <failure type="org.openqa.selenium.NoSuchElementException" message="no such element: Unable to locate element: {&amp;quot;method&amp;quot;:&amp;quot;xpath&amp;quot;,&amp;quot;selector&amp;quot;:&amp;quot;//span[contains(text(),&amp;apos;Inactive&amp;apos;)]&amp;quot;}
  (Session info: chrome=70.0.3538.110)
  (Driver info: chromedriver=2.44.609538 (b655c5a60b0b544917107a59d4153d4bf78e1b90),platform=Windows NT 6.1.7601 SP1 x86) (WARNING: The server did not provide any stacktrace information)
Command duration or timeout: 0 milliseconds
For documentation on this error, please visit: http://seleniumhq.org/exceptions/no_such_element.html
Build info: version: &amp;apos;3.141.5&amp;apos;, revision: &amp;apos;d54ebd709a&amp;apos;, time: &amp;apos;2018-11-06T11:42:16&amp;apos;
System info: host: &amp;apos;MKRISHNAN&amp;apos;, ip: &amp;apos;192.168.0.50&amp;apos;, os.name: &amp;apos;Windows 7&amp;apos;, os.arch: &amp;apos;x86&amp;apos;, os.version: &amp;apos;6.1&amp;apos;, java.version: &amp;apos;1.8.0_191&amp;apos;
Driver info: org.openqa.selenium.chrome.ChromeDriver
Capabilities {acceptInsecureCerts: false, acceptSslCerts: false, applicationCacheEnabled: false, browserConnectionEnabled: false, browserName: chrome, chrome: {chromedriverVersion: 2.44.609538 (b655c5a60b0b54..., userDataDir: C:\Users\MKRISH~1\AppData\L...}, cssSelectorsEnabled: true, databaseEnabled: false, goog:chromeOptions: {debuggerAddress: localhost:63140}, handlesAlerts: true, hasTouchScreen: false, javascriptEnabled: true, locationContextEnabled: true, mobileEmulationEnabled: false, nativeEvents: true, networkConnectionEnabled: false, pageLoadStrategy: normal, platform: XP, platformName: XP, rotatable: false, setWindowRect: true, takesHeapSnapshot: true, takesScreenshot: true, unexpectedAlertBehaviour: ignore, unhandledPromptBehavior: ignore, version: 70.0.3538.110, webStorageEnabled: true}
Session ID: 70ec49a93f1c36eae4fd027103655996
*** Element info: {Using=xpath, value=//span[contains(text(),&amp;apos;Inactive&amp;apos;)]}">
      <![CDATA[org.openqa.selenium.NoSuchElementException: no such element: Unable to locate element: {"method":"xpath","selector":"//span[contains(text(),'Inactive')]"}
  (Session info: chrome=70.0.3538.110)
  (Driver info: chromedriver=2.44.609538 (b655c5a60b0b544917107a59d4153d4bf78e1b90),platform=Windows NT 6.1.7601 SP1 x86) (WARNING: The server did not provide any stacktrace information)
Command duration or timeout: 0 milliseconds
For documentation on this error, please visit: http://seleniumhq.org/exceptions/no_such_element.html
Build info: version: '3.141.5', revision: 'd54ebd709a', time: '2018-11-06T11:42:16'
System info: host: 'MKRISHNAN', ip: '192.168.0.50', os.name: 'Windows 7', os.arch: 'x86', os.version: '6.1', java.version: '1.8.0_191'
Driver info: org.openqa.selenium.chrome.ChromeDriver
Capabilities {acceptInsecureCerts: false, acceptSslCerts: false, applicationCacheEnabled: false, browserConnectionEnabled: false, browserName: chrome, chrome: {chromedriverVersion: 2.44.609538 (b655c5a60b0b54..., userDataDir: C:\Users\MKRISH~1\AppData\L...}, cssSelectorsEnabled: true, databaseEnabled: false, goog:chromeOptions: {debuggerAddress: localhost:63140}, handlesAlerts: true, hasTouchScreen: false, javascriptEnabled: true, locationContextEnabled: true, mobileEmulationEnabled: false, nativeEvents: true, networkConnectionEnabled: false, pageLoadStrategy: normal, platform: XP, platformName: XP, rotatable: false, setWindowRect: true, takesHeapSnapshot: true, takesScreenshot: true, unexpectedAlertBehaviour: ignore, unhandledPromptBehavior: ignore, version: 70.0.3538.110, webStorageEnabled: true}
Session ID: 70ec49a93f1c36eae4fd027103655996
*** Element info: {Using=xpath, value=//span[contains(text(),'Inactive')]}
at org.openqa.selenium.remote.ErrorHandler.createThrowable(ErrorHandler.java:214)
at org.openqa.selenium.remote.ErrorHandler.throwIfResponseFailed(ErrorHandler.java:166)
at org.openqa.selenium.remote.http.JsonHttpResponseCodec.reconstructValue(JsonHttpResponseCodec.java:40)
at org.openqa.selenium.remote.http.AbstractHttpResponseCodec.decode(AbstractHttpResponseCodec.java:80)
at org.openqa.selenium.remote.http.AbstractHttpResponseCodec.decode(AbstractHttpResponseCodec.java:44)
at org.openqa.selenium.remote.HttpCommandExecutor.execute(HttpCommandExecutor.java:158)
at org.openqa.selenium.remote.service.DriverCommandExecutor.execute(DriverCommandExecutor.java:83)
at org.openqa.selenium.remote.RemoteWebDriver.execute(RemoteWebDriver.java:552)
at org.openqa.selenium.remote.RemoteWebDriver.findElement(RemoteWebDriver.java:323)
at org.openqa.selenium.remote.RemoteWebDriver.findElementByXPath(RemoteWebDriver.java:428)
at org.openqa.selenium.By$ByXPath.findElement(By.java:353)
at org.openqa.selenium.remote.RemoteWebDriver.findElement(RemoteWebDriver.java:315)
at org.openqa.selenium.support.events.EventFiringWebDriver.lambda$new$1(EventFiringWebDriver.java:105)
at com.sun.proxy.$Proxy10.findElement(Unknown Source)
at org.openqa.selenium.support.events.EventFiringWebDriver.findElement(EventFiringWebDriver.java:194)
at org.openqa.selenium.support.pagefactory.DefaultElementLocator.findElement(DefaultElementLocator.java:69)
at org.openqa.selenium.support.pagefactory.internal.LocatingElementHandler.invoke(LocatingElementHandler.java:38)
at com.sun.proxy.$Proxy14.click(Unknown Source)
at com.avlview.app.pages.AddClientPage.deActivateClientSearch(AddClientPage.java:225)
at com.avlview.app.testcases.AddClientPageTest.deactivateSearchTest(AddClientPageTest.java:106)
... Removed 32 stack frames]]>
    </failure>
  </testcase> <!-- deactivateSearchTest -->
  <testcase name="items25Test" time="0.0" classname="com.avlview.app.testcases.AddClientPageTest">
    <ignored/>
  </testcase> <!-- items25Test -->
  <testcase name="PaginationTest" time="0.0" classname="com.avlview.app.testcases.AddClientPageTest">
    <ignored/>
  </testcase> <!-- PaginationTest -->
  <testcase name="SearchAddedClientTest" time="0.0" classname="com.avlview.app.testcases.AddClientPageTest">
    <ignored/>
  </testcase> <!-- SearchAddedClientTest -->
  <testcase name="items50Test" time="0.0" classname="com.avlview.app.testcases.AddClientPageTest">
    <ignored/>
  </testcase> <!-- items50Test -->
  <testcase name="deActivateClientTest" time="0.0" classname="com.avlview.app.testcases.AddClientPageTest">
    <ignored/>
  </testcase> <!-- deActivateClientTest -->
  <testcase name="items100Test" time="0.0" classname="com.avlview.app.testcases.AddClientPageTest">
    <ignored/>
  </testcase> <!-- items100Test -->
  <testcase name="AddclientTest" time="0.0" classname="com.avlview.app.testcases.AddClientPageTest">
    <ignored/>
  </testcase> <!-- AddclientTest -->
</testsuite> <!-- Test -->
