<?xml version="1.0" encoding="UTF-8"?>
<!-- Generated by org.testng.reporters.JUnitXMLReporter -->
<testsuite hostname="mkrishnan" ignored="3" name="UpdateDevicePageTest" tests="1" failures="0" timestamp="18 Dec 2018 04:56:16 GMT" time="23.242" errors="0">
  <testcase name="validateUpdatedDeviceTest" time="3.083" classname="com.avlview.app.testcases.UpdateDevicePageTest"/>
  <testcase name="validateIMEIEnableTest" time="0.0" classname="com.avlview.app.testcases.UpdateDevicePageTest">
    <ignored/>
  </testcase> <!-- validateIMEIEnableTest -->
  <testcase name="validateUpdateDeviceTest" time="0.0" classname="com.avlview.app.testcases.UpdateDevicePageTest">
    <ignored/>
  </testcase> <!-- validateUpdateDeviceTest -->
  <testcase name="validateUpdatepopupTest" time="0.0" classname="com.avlview.app.testcases.UpdateDevicePageTest">
    <ignored/>
  </testcase> <!-- validateUpdatepopupTest -->
</testsuite> <!-- UpdateDevicePageTest -->
