<?xml version="1.0" encoding="UTF-8"?>
<testng-results skipped="0" failed="0" ignored="3" total="4" passed="1">
  <reporter-output>
  </reporter-output>
  <suite name="Default suite" duration-ms="27375" started-at="2018-12-13T10:29:10Z" finished-at="2018-12-13T10:29:37Z">
    <groups>
    </groups>
    <test name="Default test" duration-ms="27375" started-at="2018-12-13T10:29:10Z" finished-at="2018-12-13T10:29:37Z">
      <class name="com.avlview.app.testcases.UpdateDevicePageTest">
        <test-method status="PASS" signature="setExtent()[pri:0, instance:com.avlview.app.testcases.UpdateDevicePageTest@bf72b5]" name="setExtent" is-config="true" duration-ms="293" started-at="2018-12-13T10:29:10Z" finished-at="2018-12-13T10:29:10Z">
          <reporter-output>
          </reporter-output>
        </test-method> <!-- setExtent -->
        <test-method status="PASS" signature="setup()[pri:0, instance:com.avlview.app.testcases.UpdateDevicePageTest@bf72b5]" name="setup" is-config="true" duration-ms="22281" started-at="2018-12-13T10:29:10Z" finished-at="2018-12-13T10:29:33Z">
          <reporter-output>
          </reporter-output>
        </test-method> <!-- setup -->
        <test-method status="PASS" signature="validateUpdatedDeviceTest()[pri:4, instance:com.avlview.app.testcases.UpdateDevicePageTest@bf72b5]" name="validateUpdatedDeviceTest" duration-ms="2998" started-at="2018-12-13T10:29:33Z" finished-at="2018-12-13T10:29:36Z">
          <reporter-output>
          </reporter-output>
        </test-method> <!-- validateUpdatedDeviceTest -->
        <test-method status="PASS" signature="teardown(org.testng.ITestResult)[pri:0, instance:com.avlview.app.testcases.UpdateDevicePageTest@bf72b5]" name="teardown" is-config="true" duration-ms="1050" started-at="2018-12-13T10:29:36Z" finished-at="2018-12-13T10:29:37Z">
          <params>
            <param index="0">
              <value>
                <![CDATA[[TestResult name=validateUpdatedDeviceTest status=SUCCESS method=UpdateDevicePageTest.validateUpdatedDeviceTest()[pri:4, instance:com.avlview.app.testcases.UpdateDevicePageTest@bf72b5] output={null}]]]>
              </value>
            </param>
          </params>
          <reporter-output>
          </reporter-output>
        </test-method> <!-- teardown -->
        <test-method status="PASS" signature="endReport()[pri:0, instance:com.avlview.app.testcases.UpdateDevicePageTest@bf72b5]" name="endReport" is-config="true" duration-ms="715" started-at="2018-12-13T10:29:37Z" finished-at="2018-12-13T10:29:37Z">
          <reporter-output>
          </reporter-output>
        </test-method> <!-- endReport -->
      </class> <!-- com.avlview.app.testcases.UpdateDevicePageTest -->
    </test> <!-- Default test -->
  </suite> <!-- Default suite -->
</testng-results>
