<?xml version="1.0" encoding="UTF-8"?>
<testng-results skipped="0" failed="0" ignored="2" total="3" passed="1">
  <reporter-output>
  </reporter-output>
  <suite name="Default suite" duration-ms="23498" started-at="2018-12-15T09:32:47Z" finished-at="2018-12-15T09:33:11Z">
    <groups>
    </groups>
    <test name="Default test" duration-ms="23498" started-at="2018-12-15T09:32:47Z" finished-at="2018-12-15T09:33:11Z">
      <class name="com.avlview.app.testcases.AddProductPageTest">
        <test-method status="PASS" signature="setExtent()[pri:0, instance:com.avlview.app.testcases.AddProductPageTest@158b42f]" name="setExtent" is-config="true" duration-ms="298" started-at="2018-12-15T09:32:47Z" finished-at="2018-12-15T09:32:48Z">
          <reporter-output>
          </reporter-output>
        </test-method> <!-- setExtent -->
        <test-method status="PASS" signature="setup()[pri:0, instance:com.avlview.app.testcases.AddProductPageTest@158b42f]" name="setup" is-config="true" duration-ms="20119" started-at="2018-12-15T09:32:48Z" finished-at="2018-12-15T09:33:08Z">
          <reporter-output>
          </reporter-output>
        </test-method> <!-- setup -->
        <test-method status="PASS" signature="validateAddProduct()[pri:1, instance:com.avlview.app.testcases.AddProductPageTest@158b42f]" name="validateAddProduct" duration-ms="1296" started-at="2018-12-15T09:33:08Z" finished-at="2018-12-15T09:33:09Z">
          <reporter-output>
          </reporter-output>
        </test-method> <!-- validateAddProduct -->
        <test-method status="PASS" signature="teardown(org.testng.ITestResult)[pri:0, instance:com.avlview.app.testcases.AddProductPageTest@158b42f]" name="teardown" is-config="true" duration-ms="1071" started-at="2018-12-15T09:33:09Z" finished-at="2018-12-15T09:33:10Z">
          <params>
            <param index="0">
              <value>
                <![CDATA[[TestResult name=validateAddProduct status=SUCCESS method=AddProductPageTest.validateAddProduct()[pri:1, instance:com.avlview.app.testcases.AddProductPageTest@158b42f] output={null}]]]>
              </value>
            </param>
          </params>
          <reporter-output>
          </reporter-output>
        </test-method> <!-- teardown -->
        <test-method status="PASS" signature="endReport()[pri:0, instance:com.avlview.app.testcases.AddProductPageTest@158b42f]" name="endReport" is-config="true" duration-ms="668" started-at="2018-12-15T09:33:10Z" finished-at="2018-12-15T09:33:11Z">
          <reporter-output>
          </reporter-output>
        </test-method> <!-- endReport -->
      </class> <!-- com.avlview.app.testcases.AddProductPageTest -->
    </test> <!-- Default test -->
  </suite> <!-- Default suite -->
</testng-results>
